WARNING: Logging before InitGoogleLogging() is written to STDERR
W0822 19:43:31.744748 16501 sched.cpp:1760] 
**************************************************
Scheduler driver bound to loopback interface! Cannot communicate with remote master(s). You might want to set 'LIBPROCESS_IP' environment variable to use a routable IP address.
**************************************************
I0822 19:43:31.747030 16501 sched.cpp:246] Version: 1.2.0
I0822 19:43:31.755017 16523 sched.cpp:359] New master detected at master@172.23.133.32:5050
I0822 19:43:31.756065 16523 sched.cpp:375] No credentials provided. Attempting to register without authentication
I0822 19:43:31.760771 16520 sched.cpp:782] Framework registered with fba6e290-5566-420e-8489-1dc87ddfdc93-0012
Registeredvalue: "fba6e290-5566-420e-8489-1dc87ddfdc93-0012"

Received message (scheduler): 1 from ExampleExecutor
Status update: TASK_FINISHED from 0
Received message (scheduler): 2 from ExampleExecutor
Status update: TASK_FINISHED from 1
Received message (scheduler): 3 from ExampleExecutor
Status update: TASK_FINISHED from 2
Received message (scheduler): 4 from ExampleExecutor
Status update: TASK_FINISHED from 3
Received message (scheduler): 5 from ExampleExecutor
Status update: TASK_FINISHED from 4
Received message (scheduler): 6 from ExampleExecutor
Status update: TASK_FINISHED from 5
Received message (scheduler): 7 from ExampleExecutor
Status update: TASK_FINISHED from 6
Received message (scheduler): 8 from ExampleExecutor
Status update: TASK_FINISHED from 7
Received message (scheduler): 9 from ExampleExecutor
Status update: TASK_FINISHED from 8
Received message (scheduler): 10 from ExampleExecutor
Status update: TASK_FINISHED from 9
Received message (scheduler): 11 from ExampleExecutor
Status update: TASK_FINISHED from 10
Received message (scheduler): 12 from ExampleExecutor
Status update: TASK_FINISHED from 11
Received message (scheduler): 13 from ExampleExecutor
Status update: TASK_FINISHED from 12
Received message (scheduler): 14 from ExampleExecutor
Status update: TASK_FINISHED from 13
Received message (scheduler): 15 from ExampleExecutor
Status update: TASK_FINISHED from 14
Received message (scheduler): 16 from ExampleExecutor
Status update: TASK_FINISHED from 15
WARNING: Logging before InitGoogleLogging() is written to STDERR
W0822 19:44:36.073474 16710 sched.cpp:1760] 
**************************************************
Scheduler driver bound to loopback interface! Cannot communicate with remote master(s). You might want to set 'LIBPROCESS_IP' environment variable to use a routable IP address.
**************************************************
I0822 19:44:36.075685 16710 sched.cpp:246] Version: 1.2.0
I0822 19:44:36.083643 16731 sched.cpp:359] New master detected at master@172.23.133.32:5050
I0822 19:44:36.084558 16731 sched.cpp:375] No credentials provided. Attempting to register without authentication
I0822 19:44:36.089077 16736 sched.cpp:782] Framework registered with fba6e290-5566-420e-8489-1dc87ddfdc93-0014
Registeredvalue: "fba6e290-5566-420e-8489-1dc87ddfdc93-0014"

Received message (scheduler): 1 from ExampleExecutor
Status update: TASK_FINISHED from 0
Received message (scheduler): 2 from ExampleExecutor
Status update: TASK_FINISHED from 1
Received message (scheduler): 3 from ExampleExecutor
Status update: TASK_FINISHED from 2
Received message (scheduler): 4 from ExampleExecutor
Status update: TASK_FINISHED from 3
Received message (scheduler): 5 from ExampleExecutor
Status update: TASK_FINISHED from 4
Received message (scheduler): 6 from ExampleExecutor
Status update: TASK_FINISHED from 5
Received message (scheduler): 7 from ExampleExecutor
Status update: TASK_FINISHED from 6
Received message (scheduler): 8 from ExampleExecutor
Status update: TASK_FINISHED from 7
Received message (scheduler): 9 from ExampleExecutor
Status update: TASK_FINISHED from 8
Received message (scheduler): 10 from ExampleExecutor
Status update: TASK_FINISHED from 9
Received message (scheduler): 11 from ExampleExecutor
Status update: TASK_FINISHED from 10
Received message (scheduler): 12 from ExampleExecutor
Status update: TASK_FINISHED from 11
Received message (scheduler): 13 from ExampleExecutor
Status update: TASK_FINISHED from 12
Received message (scheduler): 14 from ExampleExecutor
Status update: TASK_FINISHED from 13
Received message (scheduler): 15 from ExampleExecutor
Status update: TASK_FINISHED from 14
Received message (scheduler): 16 from ExampleExecutor
Status update: TASK_FINISHED from 15
Received message (scheduler): 17 from ExampleExecutor
Status update: TASK_FINISHED from 16
Received message (scheduler): 18 from ExampleExecutor
Status update: TASK_FINISHED from 17
Received message (scheduler): 19 from ExampleExecutor
Status update: TASK_FINISHED from 18
Received message (scheduler): 20 from ExampleExecutor
Status update: TASK_FINISHED from 19
Received message (scheduler): 21 from ExampleExecutor
Status update: TASK_FINISHED from 20
Received message (scheduler): 22 from ExampleExecutor
Status update: TASK_FINISHED from 21
Received message (scheduler): 23 from ExampleExecutor
Status update: TASK_FINISHED from 22
Received message (scheduler): 24 from ExampleExecutor
Status update: TASK_FINISHED from 23
Received message (scheduler): 25 from ExampleExecutor
Status update: TASK_FINISHED from 24
Received message (scheduler): 26 from ExampleExecutor
Status update: TASK_FINISHED from 25
Received message (scheduler): 27 from ExampleExecutor
Status update: TASK_FINISHED from 26
Received message (scheduler): 28 from ExampleExecutor
Status update: TASK_FINISHED from 27
Received message (scheduler): 29 from ExampleExecutor
Status update: TASK_FINISHED from 28
Received message (scheduler): 30 from ExampleExecutor
Status update: TASK_FINISHED from 29
Received message (scheduler): 31 from ExampleExecutor
Status update: TASK_FINISHED from 30
Received message (scheduler): 32 from ExampleExecutor
Status update: TASK_FINISHED from 31
Received message (scheduler): 33 from ExampleExecutor
Status update: TASK_FINISHED from 32
Received message (scheduler): 34 from ExampleExecutor
Status update: TASK_FINISHED from 33
Received message (scheduler): 35 from ExampleExecutor
Status update: TASK_FINISHED from 34
Received message (scheduler): 36 from ExampleExecutor
Status update: TASK_FINISHED from 35
Received message (scheduler): 37 from ExampleExecutor
Status update: TASK_FINISHED from 36
Received message (scheduler): 38 from ExampleExecutor
Status update: TASK_FINISHED from 37
Received message (scheduler): 39 from ExampleExecutor
Status update: TASK_FINISHED from 38
Received message (scheduler): 40 from ExampleExecutor
Status update: TASK_FINISHED from 39
Received message (scheduler): 41 from ExampleExecutor
Status update: TASK_FINISHED from 40
Received message (scheduler): 42 from ExampleExecutor
Status update: TASK_FINISHED from 41
Received message (scheduler): 43 from ExampleExecutor
Status update: TASK_FINISHED from 42
Received message (scheduler): 44 from ExampleExecutor
Status update: TASK_FINISHED from 43
Received message (scheduler): 45 from ExampleExecutor
Status update: TASK_FINISHED from 44
Received message (scheduler): 46 from ExampleExecutor
Status update: TASK_FINISHED from 45
Received message (scheduler): 47 from ExampleExecutor
Status update: TASK_FINISHED from 46
Received message (scheduler): 48 from ExampleExecutor
Status update: TASK_FINISHED from 47
Received message (scheduler): 49 from ExampleExecutor
Status update: TASK_FINISHED from 48
Received message (scheduler): 50 from ExampleExecutor
Status update: TASK_FINISHED from 49
Received message (scheduler): 51 from ExampleExecutor
Status update: TASK_FINISHED from 50
Received message (scheduler): 52 from ExampleExecutor
Status update: TASK_FINISHED from 51
Received message (scheduler): 53 from ExampleExecutor
Status update: TASK_FINISHED from 52
Received message (scheduler): 54 from ExampleExecutor
Status update: TASK_FINISHED from 53
Received message (scheduler): 55 from ExampleExecutor
Status update: TASK_FINISHED from 54
Received message (scheduler): 56 from ExampleExecutor
Status update: TASK_FINISHED from 55
Received message (scheduler): 57 from ExampleExecutor
Status update: TASK_FINISHED from 56
Received message (scheduler): 58 from ExampleExecutor
Status update: TASK_FINISHED from 57
Received message (scheduler): 59 from ExampleExecutor
Status update: TASK_FINISHED from 58
Received message (scheduler): 60 from ExampleExecutor
Status update: TASK_FINISHED from 59
Received message (scheduler): 61 from ExampleExecutor
Status update: TASK_FINISHED from 60
Received message (scheduler): 62 from ExampleExecutor
Status update: TASK_FINISHED from 61
Received message (scheduler): 63 from ExampleExecutor
Status update: TASK_FINISHED from 62
Received message (scheduler): 64 from ExampleExecutor
Status update: TASK_FINISHED from 63
Received message (scheduler): 65 from ExampleExecutor
Status update: TASK_FINISHED from 64
Received message (scheduler): 66 from ExampleExecutor
Status update: TASK_FINISHED from 65
Received message (scheduler): 67 from ExampleExecutor
Status update: TASK_FINISHED from 66
Received message (scheduler): 68 from ExampleExecutor
Status update: TASK_FINISHED from 67
Received message (scheduler): 69 from ExampleExecutor
Status update: TASK_FINISHED from 68
Received message (scheduler): 70 from ExampleExecutor
Status update: TASK_FINISHED from 69
Received message (scheduler): 71 from ExampleExecutor
Status update: TASK_FINISHED from 70
Received message (scheduler): 72 from ExampleExecutor
Status update: TASK_FINISHED from 71
Received message (scheduler): 73 from ExampleExecutor
Status update: TASK_FINISHED from 72
Received message (scheduler): 74 from ExampleExecutor
Status update: TASK_FINISHED from 73
Received message (scheduler): 75 from ExampleExecutor
Status update: TASK_FINISHED from 74
Received message (scheduler): 76 from ExampleExecutor
Status update: TASK_FINISHED from 75
Received message (scheduler): 77 from ExampleExecutor
Status update: TASK_FINISHED from 76
Received message (scheduler): 78 from ExampleExecutor
Status update: TASK_FINISHED from 77
Received message (scheduler): 79 from ExampleExecutor
Status update: TASK_FINISHED from 78
Received message (scheduler): 80 from ExampleExecutor
Status update: TASK_FINISHED from 79
Received message (scheduler): 81 from ExampleExecutor
Status update: TASK_FINISHED from 80
Received message (scheduler): 82 from ExampleExecutor
Status update: TASK_FINISHED from 81
Received message (scheduler): 83 from ExampleExecutor
Status update: TASK_FINISHED from 82
Received message (scheduler): 84 from ExampleExecutor
Status update: TASK_FINISHED from 83
Received message (scheduler): 85 from ExampleExecutor
Status update: TASK_FINISHED from 84
Received message (scheduler): 86 from ExampleExecutor
Status update: TASK_FINISHED from 85
Received message (scheduler): 87 from ExampleExecutor
Status update: TASK_FINISHED from 86
Received message (scheduler): 88 from ExampleExecutor
Status update: TASK_FINISHED from 87
Received message (scheduler): 89 from ExampleExecutor
Status update: TASK_FINISHED from 88
Received message (scheduler): 90 from ExampleExecutor
Status update: TASK_FINISHED from 89
Received message (scheduler): 91 from ExampleExecutor
Status update: TASK_FINISHED from 90
Received message (scheduler): 92 from ExampleExecutor
Status update: TASK_FINISHED from 91
Received message (scheduler): 93 from ExampleExecutor
Status update: TASK_FINISHED from 92
Received message (scheduler): 94 from ExampleExecutor
Status update: TASK_FINISHED from 93
Received message (scheduler): 95 from ExampleExecutor
Status update: TASK_FINISHED from 94
Received message (scheduler): 96 from ExampleExecutor
Status update: TASK_FINISHED from 95
Received message (scheduler): 97 from ExampleExecutor
Status update: TASK_FINISHED from 96
Received message (scheduler): 98 from ExampleExecutor
Status update: TASK_FINISHED from 97
Received message (scheduler): 99 from ExampleExecutor
Status update: TASK_FINISHED from 98
Received message (scheduler): 100 from ExampleExecutor
Status update: TASK_FINISHED from 99
Received message (scheduler): 101 from ExampleExecutor
Status update: TASK_FINISHED from 100
Received message (scheduler): 102 from ExampleExecutor
Status update: TASK_FINISHED from 101
Received message (scheduler): 103 from ExampleExecutor
Status update: TASK_FINISHED from 102
Received message (scheduler): 104 from ExampleExecutor
Status update: TASK_FINISHED from 103
Received message (scheduler): 105 from ExampleExecutor
Status update: TASK_FINISHED from 104
Received message (scheduler): 106 from ExampleExecutor
Status update: TASK_FINISHED from 105
Received message (scheduler): 107 from ExampleExecutor
Status update: TASK_FINISHED from 106
Received message (scheduler): 108 from ExampleExecutor
Status update: TASK_FINISHED from 107
Received message (scheduler): 109 from ExampleExecutor
Status update: TASK_FINISHED from 108
Received message (scheduler): 110 from ExampleExecutor
Status update: TASK_FINISHED from 109
Received message (scheduler): 111 from ExampleExecutor
Status update: TASK_FINISHED from 110
Received message (scheduler): 112 from ExampleExecutor
Status update: TASK_FINISHED from 111
Received message (scheduler): 113 from ExampleExecutor
Status update: TASK_FINISHED from 112
Received message (scheduler): 114 from ExampleExecutor
Status update: TASK_FINISHED from 113
Received message (scheduler): 115 from ExampleExecutor
Status update: TASK_FINISHED from 114
Received message (scheduler): 116 from ExampleExecutor
Status update: TASK_FINISHED from 115
Received message (scheduler): 117 from ExampleExecutor
Status update: TASK_FINISHED from 116
Received message (scheduler): 118 from ExampleExecutor
Status update: TASK_FINISHED from 117
Received message (scheduler): 119 from ExampleExecutor
Status update: TASK_FINISHED from 118
Received message (scheduler): 120 from ExampleExecutor
Status update: TASK_FINISHED from 119
Received message (scheduler): 121 from ExampleExecutor
Status update: TASK_FINISHED from 120
Received message (scheduler): 122 from ExampleExecutor
Status update: TASK_FINISHED from 121
Received message (scheduler): 123 from ExampleExecutor
Status update: TASK_FINISHED from 122
Received message (scheduler): 124 from ExampleExecutor
Status update: TASK_FINISHED from 123
Received message (scheduler): 125 from ExampleExecutor
Status update: TASK_FINISHED from 124
Received message (scheduler): 126 from ExampleExecutor
Status update: TASK_FINISHED from 125
Received message (scheduler): 127 from ExampleExecutor
Status update: TASK_FINISHED from 126
Received message (scheduler): 128 from ExampleExecutor
Status update: TASK_FINISHED from 127
Received message (scheduler): 129 from ExampleExecutor
Status update: TASK_FINISHED from 128
Received message (scheduler): 130 from ExampleExecutor
Status update: TASK_FINISHED from 129
Received message (scheduler): 131 from ExampleExecutor
Status update: TASK_FINISHED from 130
Received message (scheduler): 132 from ExampleExecutor
Status update: TASK_FINISHED from 131
Received message (scheduler): 133 from ExampleExecutor
Status update: TASK_FINISHED from 132
Received message (scheduler): 134 from ExampleExecutor
Status update: TASK_FINISHED from 133
Received message (scheduler): 135 from ExampleExecutor
Status update: TASK_FINISHED from 134
Received message (scheduler): 136 from ExampleExecutor
Status update: TASK_FINISHED from 135
Received message (scheduler): 137 from ExampleExecutor
Status update: TASK_FINISHED from 136
Received message (scheduler): 138 from ExampleExecutor
Status update: TASK_FINISHED from 137
Received message (scheduler): 139 from ExampleExecutor
Status update: TASK_FINISHED from 138
Received message (scheduler): 140 from ExampleExecutor
Status update: TASK_FINISHED from 139
Received message (scheduler): 141 from ExampleExecutor
Status update: TASK_FINISHED from 140
Received message (scheduler): 142 from ExampleExecutor
Status update: TASK_FINISHED from 141
Received message (scheduler): 143 from ExampleExecutor
Status update: TASK_FINISHED from 142
Received message (scheduler): 144 from ExampleExecutor
Status update: TASK_FINISHED from 143
Received message (scheduler): 145 from ExampleExecutor
Status update: TASK_FINISHED from 144
Received message (scheduler): 146 from ExampleExecutor
Status update: TASK_FINISHED from 145
Received message (scheduler): 147 from ExampleExecutor
Status update: TASK_FINISHED from 146
Received message (scheduler): 148 from ExampleExecutor
Status update: TASK_FINISHED from 147
Received message (scheduler): 149 from ExampleExecutor
Status update: TASK_FINISHED from 148
Received message (scheduler): 150 from ExampleExecutor
Status update: TASK_FINISHED from 149
Received message (scheduler): 151 from ExampleExecutor
Status update: TASK_FINISHED from 150
Received message (scheduler): 152 from ExampleExecutor
Status update: TASK_FINISHED from 151
Received message (scheduler): 153 from ExampleExecutor
Status update: TASK_FINISHED from 152
Received message (scheduler): 154 from ExampleExecutor
Status update: TASK_FINISHED from 153
Received message (scheduler): 155 from ExampleExecutor
Status update: TASK_FINISHED from 154
Received message (scheduler): 156 from ExampleExecutor
Status update: TASK_FINISHED from 155
Received message (scheduler): 157 from ExampleExecutor
Status update: TASK_FINISHED from 156
Received message (scheduler): 158 from ExampleExecutor
Status update: TASK_FINISHED from 157
Received message (scheduler): 159 from ExampleExecutor
Status update: TASK_FINISHED from 158
Received message (scheduler): 160 from ExampleExecutor
Status update: TASK_FINISHED from 159
Received message (scheduler): 161 from ExampleExecutor
Status update: TASK_FINISHED from 160
Received message (scheduler): 162 from ExampleExecutor
Status update: TASK_FINISHED from 161
Received message (scheduler): 163 from ExampleExecutor
Status update: TASK_FINISHED from 162
Received message (scheduler): 164 from ExampleExecutor
Status update: TASK_FINISHED from 163
Received message (scheduler): 165 from ExampleExecutor
Status update: TASK_FINISHED from 164
Received message (scheduler): 166 from ExampleExecutor
Status update: TASK_FINISHED from 165
Received message (scheduler): 167 from ExampleExecutor
Status update: TASK_FINISHED from 166
Received message (scheduler): 168 from ExampleExecutor
Status update: TASK_FINISHED from 167
Received message (scheduler): 169 from ExampleExecutor
Status update: TASK_FINISHED from 168
Received message (scheduler): 170 from ExampleExecutor
Status update: TASK_FINISHED from 169
Received message (scheduler): 171 from ExampleExecutor
Status update: TASK_FINISHED from 170
Received message (scheduler): 172 from ExampleExecutor
Status update: TASK_FINISHED from 171
Received message (scheduler): 173 from ExampleExecutor
Status update: TASK_FINISHED from 172
Received message (scheduler): 174 from ExampleExecutor
Status update: TASK_FINISHED from 173
Received message (scheduler): 175 from ExampleExecutor
Status update: TASK_FINISHED from 174
Received message (scheduler): 176 from ExampleExecutor
Status update: TASK_FINISHED from 175
Received message (scheduler): 177 from ExampleExecutor
Status update: TASK_FINISHED from 176
Received message (scheduler): 178 from ExampleExecutor
Status update: TASK_FINISHED from 177
Received message (scheduler): 179 from ExampleExecutor
Status update: TASK_FINISHED from 178
Received message (scheduler): 180 from ExampleExecutor
Status update: TASK_FINISHED from 179
Received message (scheduler): 181 from ExampleExecutor
Status update: TASK_FINISHED from 180
Received message (scheduler): 182 from ExampleExecutor
Status update: TASK_FINISHED from 181
Received message (scheduler): 183 from ExampleExecutor
Status update: TASK_FINISHED from 182
Received message (scheduler): 184 from ExampleExecutor
Status update: TASK_FINISHED from 183
Received message (scheduler): 185 from ExampleExecutor
Status update: TASK_FINISHED from 184
Received message (scheduler): 186 from ExampleExecutor
Status update: TASK_FINISHED from 185
Received message (scheduler): 187 from ExampleExecutor
Status update: TASK_FINISHED from 186
Received message (scheduler): 188 from ExampleExecutor
Status update: TASK_FINISHED from 187
Received message (scheduler): 189 from ExampleExecutor
Status update: TASK_FINISHED from 188
Received message (scheduler): 190 from ExampleExecutor
Status update: TASK_FINISHED from 189
Received message (scheduler): 191 from ExampleExecutor
Status update: TASK_FINISHED from 190
Received message (scheduler): 192 from ExampleExecutor
Status update: TASK_FINISHED from 191
Received message (scheduler): 193 from ExampleExecutor
Status update: TASK_FINISHED from 192
Received message (scheduler): 194 from ExampleExecutor
Status update: TASK_FINISHED from 193
Received message (scheduler): 195 from ExampleExecutor
Status update: TASK_FINISHED from 194
Received message (scheduler): 196 from ExampleExecutor
Status update: TASK_FINISHED from 195
Received message (scheduler): 197 from ExampleExecutor
Status update: TASK_FINISHED from 196
Received message (scheduler): 198 from ExampleExecutor
Status update: TASK_FINISHED from 197
Received message (scheduler): 199 from ExampleExecutor
Status update: TASK_FINISHED from 198
Received message (scheduler): 200 from ExampleExecutor
Status update: TASK_FINISHED from 199
Received message (scheduler): 201 from ExampleExecutor
Status update: TASK_FINISHED from 200
Received message (scheduler): 202 from ExampleExecutor
Status update: TASK_FINISHED from 201
Received message (scheduler): 203 from ExampleExecutor
Status update: TASK_FINISHED from 202
Received message (scheduler): 204 from ExampleExecutor
Status update: TASK_FINISHED from 203
Received message (scheduler): 205 from ExampleExecutor
Status update: TASK_FINISHED from 204
Received message (scheduler): 206 from ExampleExecutor
Status update: TASK_FINISHED from 205
Received message (scheduler): 207 from ExampleExecutor
Status update: TASK_FINISHED from 206
Received message (scheduler): 208 from ExampleExecutor
Status update: TASK_FINISHED from 207
Received message (scheduler): 209 from ExampleExecutor
Status update: TASK_FINISHED from 208
Received message (scheduler): 210 from ExampleExecutor
Status update: TASK_FINISHED from 209
Received message (scheduler): 211 from ExampleExecutor
Status update: TASK_FINISHED from 210
Received message (scheduler): 212 from ExampleExecutor
Status update: TASK_FINISHED from 211
Received message (scheduler): 213 from ExampleExecutor
Status update: TASK_FINISHED from 212
Received message (scheduler): 214 from ExampleExecutor
Status update: TASK_FINISHED from 213
Received message (scheduler): 215 from ExampleExecutor
Status update: TASK_FINISHED from 214
Received message (scheduler): 216 from ExampleExecutor
Status update: TASK_FINISHED from 215
Received message (scheduler): 217 from ExampleExecutor
Status update: TASK_FINISHED from 216
Received message (scheduler): 218 from ExampleExecutor
Status update: TASK_FINISHED from 217
Received message (scheduler): 219 from ExampleExecutor
Status update: TASK_FINISHED from 218
Received message (scheduler): 220 from ExampleExecutor
Status update: TASK_FINISHED from 219
Received message (scheduler): 221 from ExampleExecutor
Status update: TASK_FINISHED from 220
Received message (scheduler): 222 from ExampleExecutor
Status update: TASK_FINISHED from 221
Received message (scheduler): 223 from ExampleExecutor
Status update: TASK_FINISHED from 222
Received message (scheduler): 224 from ExampleExecutor
Status update: TASK_FINISHED from 223
Received message (scheduler): 225 from ExampleExecutor
Status update: TASK_FINISHED from 224
Received message (scheduler): 226 from ExampleExecutor
Status update: TASK_FINISHED from 225
Received message (scheduler): 227 from ExampleExecutor
Status update: TASK_FINISHED from 226
Received message (scheduler): 228 from ExampleExecutor
Status update: TASK_FINISHED from 227
Received message (scheduler): 229 from ExampleExecutor
Status update: TASK_FINISHED from 228
Received message (scheduler): 230 from ExampleExecutor
Status update: TASK_FINISHED from 229
Received message (scheduler): 231 from ExampleExecutor
Status update: TASK_FINISHED from 230
Received message (scheduler): 232 from ExampleExecutor
Status update: TASK_FINISHED from 231
Received message (scheduler): 233 from ExampleExecutor
Status update: TASK_FINISHED from 232
Received message (scheduler): 234 from ExampleExecutor
Status update: TASK_FINISHED from 233
Received message (scheduler): 235 from ExampleExecutor
Status update: TASK_FINISHED from 234
Received message (scheduler): 236 from ExampleExecutor
Status update: TASK_FINISHED from 235
Received message (scheduler): 237 from ExampleExecutor
Status update: TASK_FINISHED from 236
Received message (scheduler): 238 from ExampleExecutor
Status update: TASK_FINISHED from 237
Received message (scheduler): 239 from ExampleExecutor
Status update: TASK_FINISHED from 238
Received message (scheduler): 240 from ExampleExecutor
Status update: TASK_FINISHED from 239
Received message (scheduler): 241 from ExampleExecutor
Status update: TASK_FINISHED from 240
Received message (scheduler): 242 from ExampleExecutor
Status update: TASK_FINISHED from 241
Received message (scheduler): 243 from ExampleExecutor
Status update: TASK_FINISHED from 242
Received message (scheduler): 244 from ExampleExecutor
Status update: TASK_FINISHED from 243
Received message (scheduler): 245 from ExampleExecutor
Status update: TASK_FINISHED from 244
Received message (scheduler): 246 from ExampleExecutor
Status update: TASK_FINISHED from 245
Received message (scheduler): 247 from ExampleExecutor
Status update: TASK_FINISHED from 246
Received message (scheduler): 248 from ExampleExecutor
Status update: TASK_FINISHED from 247
Received message (scheduler): 249 from ExampleExecutor
Status update: TASK_FINISHED from 248
Received message (scheduler): 250 from ExampleExecutor
Status update: TASK_FINISHED from 249
Received message (scheduler): 251 from ExampleExecutor
Status update: TASK_FINISHED from 250
Received message (scheduler): 252 from ExampleExecutor
Status update: TASK_FINISHED from 251
Received message (scheduler): 253 from ExampleExecutor
Status update: TASK_FINISHED from 252
Received message (scheduler): 254 from ExampleExecutor
Status update: TASK_FINISHED from 253
Received message (scheduler): 255 from ExampleExecutor
Status update: TASK_FINISHED from 254
Received message (scheduler): 256 from ExampleExecutor
Status update: TASK_FINISHED from 255
Received message (scheduler): 257 from ExampleExecutor
Status update: TASK_FINISHED from 256
Received message (scheduler): 258 from ExampleExecutor
Status update: TASK_FINISHED from 257
Received message (scheduler): 259 from ExampleExecutor
Status update: TASK_FINISHED from 258
Received message (scheduler): 260 from ExampleExecutor
Status update: TASK_FINISHED from 259
Received message (scheduler): 261 from ExampleExecutor
Status update: TASK_FINISHED from 260
Received message (scheduler): 262 from ExampleExecutor
Status update: TASK_FINISHED from 261
Received message (scheduler): 263 from ExampleExecutor
Status update: TASK_FINISHED from 262
Received message (scheduler): 264 from ExampleExecutor
Status update: TASK_FINISHED from 263
Received message (scheduler): 265 from ExampleExecutor
Status update: TASK_FINISHED from 264
Received message (scheduler): 266 from ExampleExecutor
Status update: TASK_FINISHED from 265
Received message (scheduler): 267 from ExampleExecutor
Status update: TASK_FINISHED from 266
Received message (scheduler): 268 from ExampleExecutor
Status update: TASK_FINISHED from 267
Received message (scheduler): 269 from ExampleExecutor
Status update: TASK_FINISHED from 268
Received message (scheduler): 270 from ExampleExecutor
Status update: TASK_FINISHED from 269
Received message (scheduler): 271 from ExampleExecutor
Status update: TASK_FINISHED from 270
Received message (scheduler): 272 from ExampleExecutor
Status update: TASK_FINISHED from 271
Received message (scheduler): 273 from ExampleExecutor
Status update: TASK_FINISHED from 272
Received message (scheduler): 274 from ExampleExecutor
Status update: TASK_FINISHED from 273
Received message (scheduler): 275 from ExampleExecutor
Status update: TASK_FINISHED from 274
Received message (scheduler): 276 from ExampleExecutor
Status update: TASK_FINISHED from 275
Received message (scheduler): 277 from ExampleExecutor
Status update: TASK_FINISHED from 276
Received message (scheduler): 278 from ExampleExecutor
Status update: TASK_FINISHED from 277
Received message (scheduler): 279 from ExampleExecutor
Status update: TASK_FINISHED from 278
Received message (scheduler): 280 from ExampleExecutor
Status update: TASK_FINISHED from 279
Received message (scheduler): 281 from ExampleExecutor
Status update: TASK_FINISHED from 280
Received message (scheduler): 282 from ExampleExecutor
Status update: TASK_FINISHED from 281
Received message (scheduler): 283 from ExampleExecutor
Status update: TASK_FINISHED from 282
Received message (scheduler): 284 from ExampleExecutor
Status update: TASK_FINISHED from 283
Received message (scheduler): 285 from ExampleExecutor
Status update: TASK_FINISHED from 284
Received message (scheduler): 286 from ExampleExecutor
Status update: TASK_FINISHED from 285
Received message (scheduler): 287 from ExampleExecutor
Status update: TASK_FINISHED from 286
Received message (scheduler): 288 from ExampleExecutor
Status update: TASK_FINISHED from 287
Received message (scheduler): 289 from ExampleExecutor
Status update: TASK_FINISHED from 288
Received message (scheduler): 290 from ExampleExecutor
Status update: TASK_FINISHED from 289
Received message (scheduler): 291 from ExampleExecutor
Status update: TASK_FINISHED from 290
Received message (scheduler): 292 from ExampleExecutor
Status update: TASK_FINISHED from 291
Received message (scheduler): 293 from ExampleExecutor
Status update: TASK_FINISHED from 292
Received message (scheduler): 294 from ExampleExecutor
Status update: TASK_FINISHED from 293
Received message (scheduler): 295 from ExampleExecutor
Status update: TASK_FINISHED from 294
Received message (scheduler): 296 from ExampleExecutor
Status update: TASK_FINISHED from 295
Received message (scheduler): 297 from ExampleExecutor
Status update: TASK_FINISHED from 296
Received message (scheduler): 298 from ExampleExecutor
Status update: TASK_FINISHED from 297
Received message (scheduler): 299 from ExampleExecutor
Status update: TASK_FINISHED from 298
Received message (scheduler): 300 from ExampleExecutor
Status update: TASK_FINISHED from 299
Received message (scheduler): 301 from ExampleExecutor
Status update: TASK_FINISHED from 300
Received message (scheduler): 302 from ExampleExecutor
Status update: TASK_FINISHED from 301
Received message (scheduler): 303 from ExampleExecutor
Status update: TASK_FINISHED from 302
Received message (scheduler): 304 from ExampleExecutor
Status update: TASK_FINISHED from 303
Received message (scheduler): 305 from ExampleExecutor
Status update: TASK_FINISHED from 304
Received message (scheduler): 306 from ExampleExecutor
Status update: TASK_FINISHED from 305
Received message (scheduler): 307 from ExampleExecutor
Status update: TASK_FINISHED from 306
Received message (scheduler): 308 from ExampleExecutor
Status update: TASK_FINISHED from 307
Received message (scheduler): 309 from ExampleExecutor
Status update: TASK_FINISHED from 308
Received message (scheduler): 310 from ExampleExecutor
Status update: TASK_FINISHED from 309
Received message (scheduler): 311 from ExampleExecutor
Status update: TASK_FINISHED from 310
Received message (scheduler): 312 from ExampleExecutor
Status update: TASK_FINISHED from 311
Received message (scheduler): 313 from ExampleExecutor
Status update: TASK_FINISHED from 312
Received message (scheduler): 314 from ExampleExecutor
Status update: TASK_FINISHED from 313
Received message (scheduler): 315 from ExampleExecutor
Status update: TASK_FINISHED from 314
Received message (scheduler): 316 from ExampleExecutor
Status update: TASK_FINISHED from 315
Received message (scheduler): 317 from ExampleExecutor
Status update: TASK_FINISHED from 316
Received message (scheduler): 318 from ExampleExecutor
Status update: TASK_FINISHED from 317
Received message (scheduler): 319 from ExampleExecutor
Status update: TASK_FINISHED from 318
Received message (scheduler): 320 from ExampleExecutor
Status update: TASK_FINISHED from 319
